<?xml version="1.0" encoding="UTF-8"?>
<!-- Generated by org.testng.reporters.JUnitReportReporter -->
<testsuite hostname="Suresh" failures="0" tests="1" name="Organization.CreateOrganizationTest" time="27.979" errors="0" timestamp="2025-07-08T07:35:55 IST" skipped="0">
  <testcase classname="Organization.CreateOrganizationTest" name="createOrganizationTest" time="27.979"/>
</testsuite> <!-- Organization.CreateOrganizationTest -->
