<?xml version="1.0" encoding="UTF-8"?>
<!-- Generated by org.testng.reporters.JUnitReportReporter -->
<testsuite hostname="Suresh" failures="0" tests="1" name="Contact.ContactWithOrganizationTest" time="49.055" errors="0" timestamp="2025-07-08T15:19:27 IST" skipped="0">
  <testcase classname="Contact.ContactWithOrganizationTest" name="contactWithOrganizationTest" time="49.055"/>
</testsuite> <!-- Contact.ContactWithOrganizationTest -->
