<?xml version="1.0" encoding="UTF-8"?>
<!-- Generated by org.testng.reporters.JUnitReportReporter -->
<testsuite hostname="Suresh" failures="0" tests="1" name="Contact.ContactCreationTest" time="33.049" errors="0" timestamp="2025-07-09T08:23:42 IST" skipped="0">
  <testcase classname="Contact.ContactCreationTest" name="contactCreationTest" time="33.049"/>
</testsuite> <!-- Contact.ContactCreationTest -->
