<?xml version="1.0" encoding="UTF-8"?>
<!-- Generated by org.testng.reporters.JUnitReportReporter -->
<testsuite hostname="Suresh" failures="0" tests="3" name="TestNG.DataProviders" time="0.024" errors="0" timestamp="2025-06-28T07:43:23 IST" skipped="0">
  <testcase classname="TestNG.DataProviders" name="bookTickets" time="0.004"/>
  <testcase classname="TestNG.DataProviders" name="bookTickets" time="0.002"/>
  <testcase classname="TestNG.DataProviders" name="bookTickets" time="0.018"/>
</testsuite> <!-- TestNG.DataProviders -->
