<?xml version="1.0" encoding="UTF-8"?>
<!-- Generated by org.testng.reporters.JUnitReportReporter -->
<testsuite hostname="Suresh" failures="0" tests="1" name="Vtiger.ProductTest" time="31.213" errors="0" timestamp="2025-07-08T08:50:47 IST" skipped="0">
  <testcase classname="Vtiger.ProductTest" name="productTest" time="31.213"/>
</testsuite> <!-- Vtiger.ProductTest -->
