<?xml version="1.0" encoding="UTF-8"?>
<!-- Generated by org.testng.reporters.JUnitReportReporter -->
<testsuite hostname="Suresh" failures="0" tests="1" name="CampaignAndProduct.CampaignAndProductTest" time="58.731" errors="0" timestamp="2025-07-09T08:23:42 IST" skipped="0">
  <testcase classname="CampaignAndProduct.CampaignAndProductTest" name="campaignAndProductTest" time="58.731"/>
</testsuite> <!-- CampaignAndProduct.CampaignAndProductTest -->
