<?xml version="1.0" encoding="UTF-8"?>
<!-- Generated by org.testng.reporters.JUnitReportReporter -->
<testsuite hostname="Suresh" failures="0" tests="2" name="Campaign.CampaignCreationTest" time="43.015" errors="0" timestamp="2025-07-09T08:23:42 IST" skipped="0">
  <testcase classname="Campaign.CampaignCreationTest" name="campaignCreationTest" time="33.815"/>
  <testcase classname="Campaign.CampaignCreationTest" name="m2" time="9.200"/>
</testsuite> <!-- Campaign.CampaignCreationTest -->
