<?xml version="1.0" encoding="UTF-8"?>
<!-- Generated by org.testng.reporters.JUnitReportReporter -->
<testsuite hostname="Suresh" failures="0" tests="5" name="TestNG.SampleTest" time="0.025" errors="0" timestamp="2025-06-27T08:47:05 IST" skipped="0">
  <testcase classname="TestNG.SampleTest" name="modifyProduct" time="0.013"/>
  <testcase classname="TestNG.SampleTest" name="deleteProduct" time="0.004"/>
  <testcase classname="TestNG.SampleTest" name="createProduct" time="0.003"/>
  <testcase classname="TestNG.SampleTest" name="createProduct" time="0.002"/>
  <testcase classname="TestNG.SampleTest" name="createProduct" time="0.003"/>
</testsuite> <!-- TestNG.SampleTest -->
